[INFO ] 2023-01-07 12:46:47.662 [main] loginTest - Clicking on the cross button to the proper view of Homepage
[INFO ] 2023-01-07 12:46:47.974 [main] loginTest - Clicking on the mobile icos
[INFO ] 2023-01-07 12:46:48.203 [main] loginTest - Clicking on brand Banner
[INFO ] 2023-01-07 12:46:49.150 [main] loginTest - Clicking on the product
[INFO ] 2023-01-07 12:46:50.063 [main] loginTest - Switching to new tab
[INFO ] 2023-01-07 12:49:02.328 [main] loginTest - Clicking on the cross button to the proper view of Homepage
[INFO ] 2023-01-07 12:49:02.566 [main] loginTest - Clicking on the mobile icos
[INFO ] 2023-01-07 12:49:02.690 [main] loginTest - Clicking on brand Banner
[INFO ] 2023-01-07 12:49:03.663 [main] loginTest - Clicking on the product
[INFO ] 2023-01-07 12:49:04.644 [main] loginTest - Switching to new tab
[INFO ] 2023-01-07 12:52:12.997 [main] loginTest - Clicking on the cross button to the proper view of Homepage
[INFO ] 2023-01-07 12:52:13.246 [main] loginTest - Clicking on the mobile icos
[INFO ] 2023-01-07 12:54:00.533 [main] loginTest - Clicking on the cross button to the proper view of Homepage
[INFO ] 2023-01-07 12:54:00.790 [main] loginTest - Clicking on the mobile icos
[INFO ] 2023-01-07 12:54:01.060 [main] loginTest - Clicking on brand Banner
[INFO ] 2023-01-07 12:54:02.054 [main] loginTest - Clicking on the product
[INFO ] 2023-01-07 12:54:02.965 [main] loginTest - Switching to new tab
[INFO ] 2023-01-07 15:14:20.363 [main] loginTest - Clicking on the Cross buttonto get the view of Homepage
[INFO ] 2023-01-07 15:14:20.620 [main] loginTest - Clicking on the Become A Seller Button
[INFO ] 2023-01-07 15:14:25.773 [main] loginTest - Sending Molile Number
[INFO ] 2023-01-07 15:14:26.163 [main] loginTest - Clicking on the Start Selling button
[INFO ] 2023-01-07 15:16:37.402 [main] loginTest - Clicking on the Cross buttonto get the view of Homepage
[INFO ] 2023-01-07 15:16:37.638 [main] loginTest - Clicking on the Become A Seller Button
[INFO ] 2023-01-07 15:16:41.732 [main] loginTest - Sending Molile Number
[INFO ] 2023-01-07 15:16:42.002 [main] loginTest - Clicking on the Start Selling button
[INFO ] 2023-01-07 15:17:58.999 [main] loginTest - Clicking on the Cross buttonto get the view of Homepage
[INFO ] 2023-01-07 15:17:59.335 [main] loginTest - Clicking on the Become A Seller Button
[INFO ] 2023-01-07 15:17:59.936 [main] loginTest - Sending Molile Number
[INFO ] 2023-01-07 15:18:44.469 [main] loginTest - Clicking on the Cross buttonto get the view of Homepage
[INFO ] 2023-01-07 15:18:44.876 [main] loginTest - Clicking on the Become A Seller Button
[INFO ] 2023-01-07 15:18:48.834 [main] loginTest - Sending Molile Number
[INFO ] 2023-01-07 15:18:49.050 [main] loginTest - Clicking on the Start Selling button
[INFO ] 2023-01-07 17:05:43.825 [main] loginTest - Clicking on the cross to get the view of HomePage
[INFO ] 2023-01-07 17:05:44.002 [main] loginTest - Clicking on the Exploreplus link
[INFO ] 2023-01-07 17:05:44.436 [main] loginTest - Clicking on the Contact Us link
[INFO ] 2023-01-07 17:06:34.623 [main] loginTest - Clicking on the cross to get the view of HomePage
[INFO ] 2023-01-07 17:06:34.766 [main] loginTest - Clicking on the Exploreplus link
[INFO ] 2023-01-07 17:06:35.269 [main] loginTest - Clicking on the Contact Us link
[INFO ] 2023-01-07 17:37:31.381 [main] loginTest - Clicking on the cross to get the view of HomePage
[INFO ] 2023-01-07 17:37:31.535 [main] loginTest - Clicking on the Exploreplus link
[INFO ] 2023-01-07 17:37:32.025 [main] loginTest - Clicking on the About Us link
[INFO ] 2023-01-07 17:38:22.232 [main] loginTest - Clicking on the cross to get the view of HomePage
[INFO ] 2023-01-07 17:38:22.410 [main] loginTest - Clicking on the Exploreplus link
[INFO ] 2023-01-07 17:38:22.851 [main] loginTest - Clicking on the About Us link
[INFO ] 2023-01-07 18:05:23.174 [main] loginTest - Clicking on the cross to get the view of HomePage
[INFO ] 2023-01-07 18:05:23.312 [main] loginTest - Clicking on the Exploreplus link
[INFO ] 2023-01-07 18:05:23.818 [main] loginTest - Clicking on the About Us link
[INFO ] 2023-01-07 18:06:57.890 [main] loginTest - Clicking on the cross to get the view of HomePage
[INFO ] 2023-01-07 18:06:58.058 [main] loginTest - Clicking on the Exploreplus link
[INFO ] 2023-01-07 18:06:58.550 [main] loginTest - Clicking on the About Us link
[INFO ] 2023-01-07 18:08:21.592 [main] loginTest - Clicking on the cross to get the view of HomePage
[INFO ] 2023-01-07 18:08:21.765 [main] loginTest - Clicking on the Exploreplus link
[INFO ] 2023-01-07 18:08:22.262 [main] loginTest - Clicking on the About Us link
[INFO ] 2023-01-07 18:10:16.722 [main] loginTest - Clicking on the cross to get the view of HomePage
[INFO ] 2023-01-07 18:10:16.930 [main] loginTest - Clicking on the Exploreplus link
[INFO ] 2023-01-07 18:10:17.443 [main] loginTest - Clicking on the Career link
[INFO ] 2023-01-07 18:12:16.732 [main] loginTest - Clicking on the cross to get the view of HomePage
[INFO ] 2023-01-07 18:12:17.075 [main] loginTest - Clicking on the Exploreplus link
[INFO ] 2023-01-07 18:12:17.622 [main] loginTest - Clicking on the Career link
[INFO ] 2023-01-07 18:15:41.084 [main] loginTest - Clicking on the cross to get the view of HomePage
[INFO ] 2023-01-07 18:15:41.235 [main] loginTest - Clicking on the Exploreplus link
[INFO ] 2023-01-07 18:15:42.039 [main] loginTest - Clicking on the Career link
[INFO ] 2023-01-07 18:16:41.264 [main] loginTest - Clicking on the cross to get the view of HomePage
[INFO ] 2023-01-07 18:16:41.466 [main] loginTest - Clicking on the Exploreplus link
[INFO ] 2023-01-07 18:16:41.959 [main] loginTest - Clicking on the Career link
[INFO ] 2023-01-07 18:28:45.054 [main] loginTest - Clicking on the cross to get the view of HomePage
[INFO ] 2023-01-07 18:28:45.226 [main] loginTest - Clicking on the Exploreplus link
[INFO ] 2023-01-07 18:28:45.712 [main] loginTest - Clicking on the Flipkart Stories link
[INFO ] 2023-01-07 18:31:14.341 [main] loginTest - Clicking on the cross to get the view of HomePage
[INFO ] 2023-01-07 18:31:14.502 [main] loginTest - Clicking on the Exploreplus link
[INFO ] 2023-01-07 18:31:15.061 [main] loginTest - Clicking on the Flipkart Stories link
[INFO ] 2023-01-07 18:41:49.433 [main] loginTest - Clicking on the cross to get the view of HomePage
[INFO ] 2023-01-07 18:41:49.632 [main] loginTest - Clicking on the Exploreplus link
[INFO ] 2023-01-07 18:41:50.274 [main] loginTest - Clicking on the Flipkart Stories link
[INFO ] 2023-01-07 18:43:30.310 [main] loginTest - Clicking on the cross to get the view of HomePage
[INFO ] 2023-01-07 18:43:30.468 [main] loginTest - Clicking on the Exploreplus link
[INFO ] 2023-01-07 18:43:31.041 [main] loginTest - Clicking on the Flipkart Stories link
[INFO ] 2023-01-07 20:07:50.413 [main] loginTest - Clicking on the cross to get the view of HomePage
[INFO ] 2023-01-07 20:07:50.607 [main] loginTest - Clicking on the Exploreplus link
[INFO ] 2023-01-07 20:07:51.104 [main] loginTest - Clicking on the Press link
[INFO ] 2023-01-07 20:09:00.494 [main] loginTest - Clicking on the cross to get the view of HomePage
[INFO ] 2023-01-07 20:09:00.669 [main] loginTest - Clicking on the Exploreplus link
[INFO ] 2023-01-07 20:09:01.187 [main] loginTest - Clicking on the Press link
[INFO ] 2023-01-07 20:19:36.542 [main] loginTest - Clicking on the cross to get the view of HomePage
[INFO ] 2023-01-07 20:19:36.713 [main] loginTest - Clicking on the Exploreplus link
[INFO ] 2023-01-07 20:19:37.255 [main] loginTest - Clicking on the Flipkart WholeSale link
[INFO ] 2023-01-07 20:22:03.885 [main] loginTest - Clicking on the cross to get the view of HomePage
[INFO ] 2023-01-07 20:22:04.077 [main] loginTest - Clicking on the Exploreplus link
[INFO ] 2023-01-07 20:22:04.584 [main] loginTest - Clicking on the Flipkart WholeSale link
[INFO ] 2023-01-07 20:22:04.701 [main] loginTest - Switching to new tab
[INFO ] 2023-01-07 20:23:24.953 [main] loginTest - Clicking on the cross to get the view of HomePage
[INFO ] 2023-01-07 20:23:25.110 [main] loginTest - Clicking on the Exploreplus link
[INFO ] 2023-01-07 20:23:25.669 [main] loginTest - Clicking on the Flipkart WholeSale link
[INFO ] 2023-01-07 20:23:25.831 [main] loginTest - Switching to new tab
[INFO ] 2023-01-07 22:45:51.307 [main] loginTest - Clicking on the cross to get the view of HomePage
[INFO ] 2023-01-07 22:45:51.544 [main] loginTest - Clicking on the Exploreplus link
[INFO ] 2023-01-07 22:45:52.134 [main] loginTest - Clicking on the Press link
[INFO ] 2023-01-07 22:46:55.725 [main] loginTest - Clicking on the cross to get the view of HomePage
[INFO ] 2023-01-07 22:46:56.101 [main] loginTest - Clicking on the Exploreplus link
[INFO ] 2023-01-07 22:46:56.797 [main] loginTest - Clicking on the coin banner
[INFO ] 2023-01-07 22:46:58.350 [main] loginTest - Clicking on the cross to get the view of HomePage
[INFO ] 2023-01-07 22:47:03.453 [main] loginTest - Clicking on the cross to get the view of HomePage
[INFO ] 2023-01-07 22:47:08.488 [main] loginTest - Clicking on the Cross buttonto get the view of Homepage
[INFO ] 2023-01-07 22:47:13.540 [main] loginTest - Clicking on the cross to get the view of HomePage
[INFO ] 2023-01-07 22:47:18.611 [main] loginTest - Clicking on the cross to get the view of HomePage
[INFO ] 2023-01-07 22:47:23.714 [main] loginTest - Sending Email or Phone Number
[INFO ] 2023-01-07 22:47:28.779 [main] loginTest - Clicking on the cross to get the view of HomePage
[INFO ] 2023-01-07 22:47:33.870 [main] loginTest - Clicking on the cross to get the view of HomePage
[INFO ] 2023-01-07 22:47:38.925 [main] loginTest - Clicking on the cross button to the proper view of Homepage
[INFO ] 2023-01-07 22:49:04.444 [main] loginTest - Clicking on the cross to get the view of HomePage
[INFO ] 2023-01-07 22:49:04.907 [main] loginTest - Clicking on the Exploreplus link
[INFO ] 2023-01-07 22:49:05.649 [main] loginTest - Clicking on the Contact Us link
[INFO ] 2023-01-07 23:14:14.795 [main] loginTest - Clicking on the cross to get the view of HomePage
[INFO ] 2023-01-07 23:14:15.280 [main] loginTest - Clicking on the Exploreplus link
[INFO ] 2023-01-07 23:14:15.940 [main] loginTest - Clicking on the Payment Page link
[INFO ] 2023-01-07 23:16:00.667 [main] loginTest - Clicking on the cross to get the view of HomePage
[INFO ] 2023-01-07 23:16:00.972 [main] loginTest - Clicking on the Exploreplus link
[INFO ] 2023-01-07 23:16:01.906 [main] loginTest - Clicking on the Payment Page link
[INFO ] 2023-01-07 23:21:27.220 [main] loginTest - Clicking on the cross to get the view of HomePage
[INFO ] 2023-01-07 23:21:27.742 [main] loginTest - Clicking on the Exploreplus link
[INFO ] 2023-01-07 23:21:28.325 [main] loginTest - Clicking on the Payment Page link
[INFO ] 2023-01-07 23:21:29.716 [main] loginTest - Clicking on the cross to get the view of HomePage
[INFO ] 2023-01-07 23:23:56.073 [main] loginTest - Clicking on the cross to get the view of HomePage
[INFO ] 2023-01-07 23:23:56.277 [main] loginTest - Clicking on the Exploreplus link
[INFO ] 2023-01-07 23:23:56.928 [main] loginTest - Clicking on the Payment Page link
[INFO ] 2023-01-07 23:23:58.318 [main] loginTest - Clicking on the cross to get the view of HomePage
[INFO ] 2023-01-07 23:29:28.344 [main] driverClass - Testcase PaymentPageTest started
[INFO ] 2023-01-07 23:29:28.416 [main] helpTest - Clicking on the cross to get the view of HomePage
[INFO ] 2023-01-07 23:29:28.807 [main] helpTest - Clicking on the Exploreplus link
[INFO ] 2023-01-07 23:29:29.771 [main] helpTest - Clicking on the Payment Page link
[INFO ] 2023-01-07 23:29:30.842 [main] driverClass - Testcase PaymentPageTest ended
[INFO ] 2023-01-07 23:29:32.360 [main] driverClass - Testcase ShippingPageTest started
[INFO ] 2023-01-07 23:29:32.384 [main] helpTest - Clicking on the cross to get the view of HomePage
[INFO ] 2023-01-07 23:29:37.443 [main] driverClass - Testcase ShippingPageTest ended
[INFO ] 2023-01-07 23:30:49.785 [main] driverClass - Testcase PaymentPageTest started
[INFO ] 2023-01-07 23:30:49.868 [main] helpTest - Clicking on the cross to get the view of HomePage
[INFO ] 2023-01-07 23:30:50.266 [main] helpTest - Clicking on the Exploreplus link
[INFO ] 2023-01-07 23:30:51.342 [main] helpTest - Clicking on the Payment Page link
[INFO ] 2023-01-07 23:30:52.736 [main] driverClass - Testcase PaymentPageTest ended
[INFO ] 2023-01-07 23:30:54.293 [main] driverClass - Testcase ShippingPageTest started
[INFO ] 2023-01-07 23:30:54.299 [main] helpTest - Clicking on the cross to get the view of HomePage
[INFO ] 2023-01-07 23:30:59.388 [main] driverClass - Testcase ShippingPageTest ended
[INFO ] 2023-01-07 23:32:56.928 [main] driverClass - Testcase PaymentPageTest started
[INFO ] 2023-01-07 23:32:57.001 [main] helpTest - Clicking on the cross to get the view of HomePage
[INFO ] 2023-01-07 23:32:57.266 [main] helpTest - Clicking on the Exploreplus link
[INFO ] 2023-01-07 23:32:58.168 [main] helpTest - Clicking on the Payment Page link
[INFO ] 2023-01-07 23:32:59.368 [main] driverClass - Testcase PaymentPageTest ended
[INFO ] 2023-01-07 23:35:45.187 [main] driverClass - Testcase PaymentPageTest started
[INFO ] 2023-01-07 23:35:45.265 [main] helpTest - Clicking on the cross to get the view of HomePage
[INFO ] 2023-01-07 23:35:45.506 [main] helpTest - Clicking on the Exploreplus link
[INFO ] 2023-01-07 23:35:46.132 [main] helpTest - Clicking on the Payment Page link
[INFO ] 2023-01-07 23:35:47.543 [main] driverClass - Testcase PaymentPageTest ended
[INFO ] 2023-01-07 23:35:48.922 [main] driverClass - Testcase ShippingPageTest started
[INFO ] 2023-01-07 23:35:48.931 [main] helpTest - Clicking on the cross to get the view of HomePage
[INFO ] 2023-01-07 23:35:54.044 [main] driverClass - Testcase ShippingPageTest ended
[INFO ] 2023-01-07 23:40:52.177 [main] driverClass - Testcase ShippingPageTest started
[INFO ] 2023-01-07 23:40:52.280 [main] helpTest - Clicking on the cross to get the view of HomePage
[INFO ] 2023-01-07 23:40:52.571 [main] helpTest - Clicking on the Exploreplus link
[INFO ] 2023-01-07 23:40:53.531 [main] helpTest - Clicking on the Shipping Page link
[INFO ] 2023-01-07 23:40:54.723 [main] driverClass - Testcase ShippingPageTest ended
[INFO ] 2023-01-07 23:42:20.897 [main] driverClass - Testcase ShippingPageTest started
[INFO ] 2023-01-07 23:42:20.971 [main] helpTest - Clicking on the cross to get the view of HomePage
[INFO ] 2023-01-07 23:42:21.288 [main] helpTest - Clicking on the Exploreplus link
[INFO ] 2023-01-07 23:42:22.255 [main] helpTest - Clicking on the Shipping Page link
[INFO ] 2023-01-07 23:42:23.394 [main] driverClass - Testcase ShippingPageTest ended
[INFO ] 2023-01-07 23:42:25.032 [main] driverClass - Testcase PaymentPageTest started
[INFO ] 2023-01-07 23:42:25.036 [main] helpTest - Clicking on the cross to get the view of HomePage
[INFO ] 2023-01-07 23:42:30.133 [main] driverClass - Testcase PaymentPageTest ended
[INFO ] 2023-01-07 23:44:39.190 [main] driverClass - Testcase PaymentPageTest started
[INFO ] 2023-01-07 23:44:39.271 [main] helpTest - Clicking on the cross to get the view of HomePage
[INFO ] 2023-01-07 23:44:39.645 [main] helpTest - Clicking on the Exploreplus link
[INFO ] 2023-01-07 23:44:40.653 [main] helpTest - Clicking on the Payment Page link
[INFO ] 2023-01-07 23:44:41.806 [main] driverClass - Testcase PaymentPageTest ended
[INFO ] 2023-01-07 23:44:43.218 [main] driverClass - Testcase ShippingPageTest started
[INFO ] 2023-01-07 23:44:43.219 [main] helpTest - Clicking on the cross to get the view of HomePage
[INFO ] 2023-01-07 23:44:48.305 [main] driverClass - Testcase ShippingPageTest ended
[INFO ] 2023-01-07 23:46:51.577 [main] helpTest - Clicking on the cross to get the view of HomePage
[INFO ] 2023-01-07 23:46:51.831 [main] helpTest - Clicking on the Exploreplus link
[INFO ] 2023-01-07 23:46:52.423 [main] helpTest - Clicking on the Payment Page link
[INFO ] 2023-01-07 23:46:53.796 [main] helpTest - Clicking on the cross to get the view of HomePage
[INFO ] 2023-01-07 23:55:27.825 [main] helpTest - Clicking on the cross to get the view of HomePage
[INFO ] 2023-01-07 23:55:28.039 [main] helpTest - Clicking on the Exploreplus link
[INFO ] 2023-01-07 23:55:28.714 [main] helpTest - Clicking on the Payment Page link
[INFO ] 2023-01-07 23:55:30.112 [main] helpTest - Clicking on the cross to get the view of HomePage
