[INFO ] 2023-01-06 15:24:34.560 [main] loginTest - Sending Email or Phone Number
[INFO ] 2023-01-06 15:24:34.718 [main] loginTest - Clicking on the Request OTP button
[INFO ] 2023-01-06 16:14:33.001 [main] loginTest - Clicking on the cross to get the view of HomePage
[INFO ] 2023-01-06 19:06:47.040 [main] loginTest - Clicking on the cross to get the view of HomePage
[INFO ] 2023-01-06 19:06:47.297 [main] loginTest - Clicking on the Exploreplus link
[INFO ] 2023-01-06 19:08:14.825 [main] loginTest - Clicking on the cross to get the view of HomePage
[INFO ] 2023-01-06 19:08:15.090 [main] loginTest - Clicking on the Exploreplus link
[INFO ] 2023-01-06 19:20:48.363 [main] loginTest - Clicking on the cross to get the view of HomePage
[INFO ] 2023-01-06 19:20:48.601 [main] loginTest - Clicking on the Exploreplus link
[INFO ] 2023-01-06 19:23:00.407 [main] loginTest - Clicking on the cross to get the view of HomePage
[INFO ] 2023-01-06 19:23:00.662 [main] loginTest - Clicking on the Exploreplus link
[INFO ] 2023-01-06 19:23:01.634 [main] loginTest - Clicking on the coin banner
[INFO ] 2023-01-06 19:26:39.586 [main] loginTest - Clicking on the cross to get the view of HomePage
[INFO ] 2023-01-06 19:26:39.822 [main] loginTest - Clicking on the Exploreplus link
[INFO ] 2023-01-06 19:26:40.477 [main] loginTest - Clicking on the coin banner
[INFO ] 2023-01-06 19:28:03.524 [main] loginTest - Clicking on the cross to get the view of HomePage
[INFO ] 2023-01-06 19:28:03.724 [main] loginTest - Clicking on the Exploreplus link
[INFO ] 2023-01-06 19:28:04.505 [main] loginTest - Clicking on the coin banner
[INFO ] 2023-01-06 19:30:07.172 [main] loginTest - Clicking on the cross to get the view of HomePage
[INFO ] 2023-01-06 19:30:07.406 [main] loginTest - Clicking on the Exploreplus link
[INFO ] 2023-01-06 19:30:08.265 [main] loginTest - Clicking on the coin banner
[INFO ] 2023-01-06 20:20:00.634 [main] loginTest - Clicking on the cross to get the view of HomePage
[INFO ] 2023-01-06 20:20:00.812 [main] loginTest - Clicking on the Product link
[INFO ] 2023-01-06 20:22:16.525 [main] loginTest - Clicking on the cross to get the view of HomePage
[INFO ] 2023-01-06 20:22:16.900 [main] loginTest - Clicking on the Exploreplus link
[INFO ] 2023-01-06 20:22:17.852 [main] loginTest - Clicking on the coin banner
[INFO ] 2023-01-06 20:23:06.260 [main] loginTest - Clicking on the cross to get the view of HomePage
[INFO ] 2023-01-06 20:23:06.627 [main] loginTest - Clicking on the Exploreplus link
[INFO ] 2023-01-06 20:23:07.325 [main] loginTest - Clicking on the coin banner
[INFO ] 2023-01-06 20:24:16.349 [main] loginTest - Clicking on the cross to get the view of HomePage
[INFO ] 2023-01-06 20:24:16.599 [main] loginTest - Clicking on the Product link
[INFO ] 2023-01-06 20:24:16.982 [main] loginTest - Clicking on the Add To cart Button
